#
# There is insufficient memory for the Java Runtime Environment to continue.
# Native memory allocation (malloc) failed to allocate 1048576 bytes for AllocateHeap
# Possible reasons:
#   The system is out of physical RAM or swap space
#   The process is running with CompressedOops enabled, and the Java Heap may be blocking the growth of the native heap
# Possible solutions:
#   Reduce memory load on the system
#   Increase physical memory or swap space
#   Check if swap backing store is full
#   Decrease Java heap size (-Xmx/-Xms)
#   Decrease number of Java threads
#   Decrease Java thread stack sizes (-Xss)
#   Set larger code cache with -XX:ReservedCodeCacheSize=
#   JVM is running with Unscaled Compressed Oops mode in which the Java heap is
#     placed in the first 4GB address space. The Java Heap base address is the
#     maximum limit for the native heap growth. Please use -XX:HeapBaseMinAddress
#     to set the Java Heap base and to place the Java Heap above 4GB virtual address.
# This output file may be truncated or incomplete.
#
#  Out of Memory Error (allocation.cpp:44), pid=5412, tid=21928
#
# JRE version: OpenJDK Runtime Environment Temurin-17.0.10+7 (17.0.10+7) (build 17.0.10+7)
# Java VM: OpenJDK 64-Bit Server VM Temurin-17.0.10+7 (17.0.10+7, mixed mode, emulated-client, tiered, compressed oops, compressed class ptrs, g1 gc, windows-amd64)
# No core dump will be written. Minidumps are not enabled by default on client versions of Windows
#

---------------  S U M M A R Y ------------

Command Line: -Dcom.sun.management.jmxremote -Dcom.sun.management.jmxremote.port=65036 -Dcom.sun.management.jmxremote.authenticate=false -Dcom.sun.management.jmxremote.ssl=false -Djava.rmi.server.hostname=localhost -Dspring.jmx.enabled=true -Dmanagement.endpoints.jmx.exposure.include=* -Dspring.application.admin.enabled=true -XX:TieredStopAtLevel=1 -Dspring.boot.project.name=SpringMvc -Dfile.encoding=UTF-8 -Dstdout.encoding=UTF-8 -Dstderr.encoding=UTF-8 -XX:+ShowCodeDetailsInExceptionMessages com.sathya.mvc.SpringMvcApplication --spring.output.ansi.enabled=always

Host: 11th Gen Intel(R) Core(TM) i3-1115G4 @ 3.00GHz, 4 cores, 7G,  Windows 11 , 64 bit Build 22621 (10.0.22621.3374)
Time: Thu Apr 11 15:39:36 2024 India Standard Time elapsed time: 2099.323268 seconds (0d 0h 34m 59s)

---------------  T H R E A D  ---------------

Current thread (0x00000235b4fc8a30):  VMThread "VM Thread" [stack: 0x000000dda4900000,0x000000dda4a00000] [id=21928]

Stack: [0x000000dda4900000,0x000000dda4a00000]
Native frames: (J=compiled Java code, j=interpreted, Vv=VM code, C=native code)
V  [jvm.dll+0x67d2c9]
V  [jvm.dll+0x834afa]
V  [jvm.dll+0x8365be]
V  [jvm.dll+0x836c23]
V  [jvm.dll+0x2477ff]
V  [jvm.dll+0xa6c93]
V  [jvm.dll+0x2f8663]
V  [jvm.dll+0x2f42e0]
V  [jvm.dll+0x2dc8c7]
V  [jvm.dll+0x31fb87]
V  [jvm.dll+0x83b11b]
V  [jvm.dll+0x83be61]
V  [jvm.dll+0x83c37d]
V  [jvm.dll+0x83c754]
V  [jvm.dll+0x83c820]
V  [jvm.dll+0x7e3fba]
V  [jvm.dll+0x67c1b5]
C  [ucrtbase.dll+0x29333]
C  [KERNEL32.DLL+0x1257d]
C  [ntdll.dll+0x5aa48]

VM_Operation (0x000000dda40ff210): G1CollectFull, mode: safepoint, requested by thread 0x00000235bc187990


---------------  P R O C E S S  ---------------

Threads class SMR info:
_java_thread_list=0x00000235bbe7b730, length=31, elements={
0x00000235b4fcb720, 0x00000235b4fd0a20, 0x00000235b90406a0, 0x00000235b9040f70,
0x00000235b90420d0, 0x00000235b9045240, 0x00000235b90474f0, 0x00000235b904c8f0,
0x00000235b4f53db0, 0x00000235b920ab40, 0x00000235b98bf120, 0x00000235b98b8a30,
0x00000235b9a0e540, 0x00000235b9a3e850, 0x00000235b9ab33f0, 0x00000235b9ab1fb0,
0x00000235bb75d870, 0x00000235bb7600f0, 0x00000235bb75c940, 0x00000235bb75fbe0,
0x00000235bb75dd80, 0x00000235bb75e290, 0x00000235bb75ba10, 0x00000235bb75d360,
0x00000235bb75bf20, 0x00000235bb75c430, 0x00000235bb761020, 0x00000235bb75a0c0,
0x00000235bb75ce50, 0x00000235bc18b650, 0x00000235bc187990
}

Java Threads: ( => current thread )
  0x00000235b4fcb720 JavaThread "Reference Handler" daemon [_thread_blocked, id=2532, stack(0x000000dda4a00000,0x000000dda4b00000)]
  0x00000235b4fd0a20 JavaThread "Finalizer" daemon [_thread_blocked, id=3120, stack(0x000000dda4b00000,0x000000dda4c00000)]
  0x00000235b90406a0 JavaThread "Signal Dispatcher" daemon [_thread_blocked, id=16964, stack(0x000000dda4c00000,0x000000dda4d00000)]
  0x00000235b9040f70 JavaThread "Attach Listener" daemon [_thread_blocked, id=13280, stack(0x000000dda4d00000,0x000000dda4e00000)]
  0x00000235b90420d0 JavaThread "Service Thread" daemon [_thread_blocked, id=7612, stack(0x000000dda4e00000,0x000000dda4f00000)]
  0x00000235b9045240 JavaThread "Monitor Deflation Thread" daemon [_thread_blocked, id=22512, stack(0x000000dda4f00000,0x000000dda5000000)]
  0x00000235b90474f0 JavaThread "C1 CompilerThread0" daemon [_thread_blocked, id=1856, stack(0x000000dda5000000,0x000000dda5100000)]
  0x00000235b904c8f0 JavaThread "Sweeper thread" daemon [_thread_blocked, id=844, stack(0x000000dda5100000,0x000000dda5200000)]
  0x00000235b4f53db0 JavaThread "Common-Cleaner" daemon [_thread_blocked, id=11748, stack(0x000000dda5200000,0x000000dda5300000)]
  0x00000235b920ab40 JavaThread "Notification Thread" daemon [_thread_blocked, id=15324, stack(0x000000dda5400000,0x000000dda5500000)]
  0x00000235b98bf120 JavaThread "RMI TCP Accept-0" daemon [_thread_in_native, id=17924, stack(0x000000dda5500000,0x000000dda5600000)]
  0x00000235b98b8a30 JavaThread "RMI TCP Accept-65036" daemon [_thread_in_native, id=4652, stack(0x000000dda5600000,0x000000dda5700000)]
  0x00000235b9a0e540 JavaThread "RMI TCP Accept-0" daemon [_thread_in_native, id=14312, stack(0x000000dda5800000,0x000000dda5900000)]
  0x00000235b9a3e850 JavaThread "RMI Scheduler(0)" daemon [_thread_blocked, id=21096, stack(0x000000dda5a00000,0x000000dda5b00000)]
  0x00000235b9ab33f0 JavaThread "JMX server connection timeout 21" daemon [_thread_blocked, id=13456, stack(0x000000dda6000000,0x000000dda6100000)]
  0x00000235b9ab1fb0 JavaThread "Live Reload Server" daemon [_thread_in_native, id=19460, stack(0x000000dda6b00000,0x000000dda6c00000)]
  0x00000235bb75d870 JavaThread "DestroyJavaVM" [_thread_blocked, id=4760, stack(0x000000dda4300000,0x000000dda4400000)]
  0x00000235bb7600f0 JavaThread "File Watcher" daemon [_thread_blocked, id=15952, stack(0x000000dda4200000,0x000000dda4300000)]
  0x00000235bb75c940 JavaThread "File Watcher" daemon [_thread_blocked, id=12648, stack(0x000000dda4100000,0x000000dda4200000)]
  0x00000235bb75fbe0 JavaThread "File Watcher" daemon [_thread_blocked, id=11876, stack(0x000000dda5700000,0x000000dda5800000)]
  0x00000235bb75dd80 JavaThread "File Watcher" daemon [_thread_blocked, id=7668, stack(0x000000dda5f00000,0x000000dda6000000)]
  0x00000235bb75e290 JavaThread "File Watcher" daemon [_thread_blocked, id=11260, stack(0x000000dda6100000,0x000000dda6200000)]
  0x00000235bb75ba10 JavaThread "File Watcher" daemon [_thread_blocked, id=13820, stack(0x000000dda6400000,0x000000dda6500000)]
  0x00000235bb75d360 JavaThread "File Watcher" daemon [_thread_blocked, id=4308, stack(0x000000dda6600000,0x000000dda6700000)]
  0x00000235bb75bf20 JavaThread "File Watcher" daemon [_thread_blocked, id=2188, stack(0x000000dda6200000,0x000000dda6300000)]
  0x00000235bb75c430 JavaThread "File Watcher" daemon [_thread_blocked, id=640, stack(0x000000dda6300000,0x000000dda6400000)]
  0x00000235bb761020 JavaThread "File Watcher" daemon [_thread_blocked, id=12808, stack(0x000000dda6500000,0x000000dda6600000)]
  0x00000235bb75a0c0 JavaThread "File Watcher" daemon [_thread_blocked, id=20660, stack(0x000000dda5300000,0x000000dda5400000)]
  0x00000235bb75ce50 JavaThread "File Watcher" daemon [_thread_blocked, id=20176, stack(0x000000dda6700000,0x000000dda6800000)]
  0x00000235bc18b650 JavaThread "RMI TCP Connection(idle)" daemon [_thread_blocked, id=11404, stack(0x000000dda6800000,0x000000dda6900000)]
  0x00000235bc187990 JavaThread "Thread-30" [_thread_blocked, id=12572, stack(0x000000dda4000000,0x000000dda4100000)]

Other Threads:
=>0x00000235b4fc8a30 VMThread "VM Thread" [stack: 0x000000dda4900000,0x000000dda4a00000] [id=21928]
  0x00000235b98b73b0 WatcherThread [stack: 0x000000dda5900000,0x000000dda5a00000] [id=18984]
  0x00000235a5d54740 GCTaskThread "GC Thread#0" [stack: 0x000000dda4400000,0x000000dda4500000] [id=13428]
  0x00000235b9a14c60 GCTaskThread "GC Thread#1" [stack: 0x000000dda5b00000,0x000000dda5c00000] [id=18308]
  0x00000235b9a1d360 GCTaskThread "GC Thread#2" [stack: 0x000000dda5c00000,0x000000dda5d00000] [id=17516]
  0x00000235b9a5a960 GCTaskThread "GC Thread#3" [stack: 0x000000dda5d00000,0x000000dda5e00000] [id=12164]
  0x00000235a5d64e10 ConcurrentGCThread "G1 Main Marker" [stack: 0x000000dda4500000,0x000000dda4600000] [id=20184]
  0x00000235a5d67ee0 ConcurrentGCThread "G1 Conc#0" [stack: 0x000000dda4600000,0x000000dda4700000] [id=6068]
  0x00000235a5d9d7f0 ConcurrentGCThread "G1 Refine#0" [stack: 0x000000dda4700000,0x000000dda4800000] [id=1232]
  0x00000235b9a5ac20 ConcurrentGCThread "G1 Refine#1" [stack: 0x000000dda5e00000,0x000000dda5f00000] [id=21536]
  0x00000235a5d9e120 ConcurrentGCThread "G1 Service" [stack: 0x000000dda4800000,0x000000dda4900000] [id=11304]

Threads with active compile tasks:

VM state: at safepoint (normal execution)

VM Mutex/Monitor currently owned by a thread:  ([mutex/lock_event])
[0x00000235a5cf7c60] Threads_lock - owner thread: 0x00000235b4fc8a30
[0x00000235a5cf6550] Heap_lock - owner thread: 0x00000235bc187990

Heap address: 0x0000000084400000, size: 1980 MB, Compressed Oops mode: 32-bit

CDS archive(s) not mapped
Compressed class space mapped at: 0x0000000100000000-0x0000000140000000, reserved size: 1073741824
Narrow klass base: 0x0000000000000000, Narrow klass shift: 3, Narrow klass range: 0x140000000

GC Precious Log:
 CPUs: 4 total, 4 available
 Memory: 7914M
 Large Page Support: Disabled
 NUMA Support: Disabled
 Compressed Oops: Enabled (32-bit)
 Heap Region Size: 1M
 Heap Min Capacity: 8M
 Heap Initial Capacity: 124M
 Heap Max Capacity: 1980M
 Pre-touch: Disabled
 Parallel Workers: 4
 Concurrent Workers: 1
 Concurrent Refinement Workers: 4
 Periodic GC: Disabled

Heap:
 garbage-first heap   total 86016K, used 50999K [0x0000000084400000, 0x0000000100000000)
  region size 1024K, 22 young (22528K), 2 survivors (2048K)
 Metaspace       used 77520K, committed 78400K, reserved 1179648K
  class space    used 10605K, committed 11008K, reserved 1048576K

Heap Regions: E=young(eden), S=young(survivor), O=old, HS=humongous(starts), HC=humongous(continues), CS=collection set, F=free, OA=open archive, CA=closed archive, TAMS=top-at-mark-start (previous, next)
|   0|0x0000000084400000, 0x0000000084500000, 0x0000000084500000|100%|HS|  |TAMS 0x0000000084500000, 0x0000000084400000| Untracked 
|   1|0x0000000084500000, 0x0000000084600000, 0x0000000084600000|100%| O|  |TAMS 0x0000000084600000, 0x0000000084500000| Untracked 
|   2|0x0000000084600000, 0x0000000084700000, 0x0000000084700000|100%| O|  |TAMS 0x0000000084700000, 0x0000000084600000| Untracked 
|   3|0x0000000084700000, 0x00000000847ffff8, 0x0000000084800000| 99%| O|  |TAMS 0x00000000847ffff8, 0x0000000084700000| Untracked 
|   4|0x0000000084800000, 0x00000000848fffd8, 0x0000000084900000| 99%| O|  |TAMS 0x00000000848fffd8, 0x0000000084800000| Untracked 
|   5|0x0000000084900000, 0x0000000084a00000, 0x0000000084a00000|100%| O|  |TAMS 0x0000000084a00000, 0x0000000084900000| Untracked 
|   6|0x0000000084a00000, 0x0000000084affff8, 0x0000000084b00000| 99%| O|  |TAMS 0x0000000084affff8, 0x0000000084a00000| Untracked 
|   7|0x0000000084b00000, 0x0000000084bfffe0, 0x0000000084c00000| 99%| O|  |TAMS 0x0000000084bfffe0, 0x0000000084b00000| Untracked 
|   8|0x0000000084c00000, 0x0000000084cffff8, 0x0000000084d00000| 99%| O|  |TAMS 0x0000000084cffff8, 0x0000000084c00000| Untracked 
|   9|0x0000000084d00000, 0x0000000084dfffc8, 0x0000000084e00000| 99%| O|  |TAMS 0x0000000084dfffc8, 0x0000000084d00000| Untracked 
|  10|0x0000000084e00000, 0x0000000084effff0, 0x0000000084f00000| 99%| O|  |TAMS 0x0000000084effff0, 0x0000000084e00000| Untracked 
|  11|0x0000000084f00000, 0x0000000084ffffe0, 0x0000000085000000| 99%| O|  |TAMS 0x0000000084ffffe0, 0x0000000084f00000| Untracked 
|  12|0x0000000085000000, 0x00000000850fffb0, 0x0000000085100000| 99%| O|  |TAMS 0x00000000850fffb0, 0x0000000085000000| Untracked 
|  13|0x0000000085100000, 0x00000000851fff38, 0x0000000085200000| 99%| O|  |TAMS 0x00000000851fff38, 0x0000000085100000| Untracked 
|  14|0x0000000085200000, 0x00000000852ffff0, 0x0000000085300000| 99%| O|  |TAMS 0x00000000852ffff0, 0x0000000085200000| Untracked 
|  15|0x0000000085300000, 0x0000000085400000, 0x0000000085400000|100%| O|  |TAMS 0x0000000085400000, 0x0000000085300000| Untracked 
|  16|0x0000000085400000, 0x00000000854fffe8, 0x0000000085500000| 99%| O|  |TAMS 0x00000000854fffe8, 0x0000000085400000| Untracked 
|  17|0x0000000085500000, 0x00000000855ffff0, 0x0000000085600000| 99%| O|  |TAMS 0x00000000855ffff0, 0x0000000085500000| Untracked 
|  18|0x0000000085600000, 0x00000000856fffe8, 0x0000000085700000| 99%| O|  |TAMS 0x0000000085600000, 0x0000000085600000| Untracked 
|  19|0x0000000085700000, 0x00000000857fffc0, 0x0000000085800000| 99%| O|  |TAMS 0x0000000085700000, 0x0000000085700000| Untracked 
|  20|0x0000000085800000, 0x00000000858c2ac8, 0x0000000085900000| 76%| O|  |TAMS 0x0000000085800000, 0x0000000085800000| Untracked 
|  21|0x0000000085900000, 0x00000000859fffc8, 0x0000000085a00000| 99%| O|  |TAMS 0x0000000085900000, 0x0000000085900000| Untracked 
|  22|0x0000000085a00000, 0x0000000085b00000, 0x0000000085b00000|100%| O|  |TAMS 0x0000000085a00000, 0x0000000085a00000| Untracked 
|  23|0x0000000085b00000, 0x0000000085c00000, 0x0000000085c00000|100%| O|  |TAMS 0x0000000085b00000, 0x0000000085b00000| Untracked 
|  24|0x0000000085c00000, 0x0000000085cc7270, 0x0000000085d00000| 77%| O|  |TAMS 0x0000000085c00000, 0x0000000085c00000| Untracked 
|  25|0x0000000085d00000, 0x0000000085e00000, 0x0000000085e00000|100%| O|  |TAMS 0x0000000085d00000, 0x0000000085d00000| Untracked 
|  26|0x0000000085e00000, 0x0000000085f00000, 0x0000000085f00000|100%| O|  |TAMS 0x0000000085e00000, 0x0000000085e00000| Untracked 
|  27|0x0000000085f00000, 0x0000000086000000, 0x0000000086000000|100%| O|  |TAMS 0x0000000085f00000, 0x0000000085f00000| Untracked 
|  28|0x0000000086000000, 0x00000000860bea00, 0x0000000086100000| 74%| O|  |TAMS 0x0000000086000000, 0x0000000086000000| Untracked 
|  29|0x0000000086100000, 0x0000000086100000, 0x0000000086200000|  0%| F|  |TAMS 0x0000000086100000, 0x0000000086100000| Untracked 
|  30|0x0000000086200000, 0x0000000086200000, 0x0000000086300000|  0%| F|  |TAMS 0x0000000086200000, 0x0000000086200000| Untracked 
|  31|0x0000000086300000, 0x0000000086300000, 0x0000000086400000|  0%| F|  |TAMS 0x0000000086300000, 0x0000000086300000| Untracked 
|  32|0x0000000086400000, 0x0000000086400000, 0x0000000086500000|  0%| F|  |TAMS 0x0000000086400000, 0x0000000086400000| Untracked 
|  33|0x0000000086500000, 0x0000000086500000, 0x0000000086600000|  0%| F|  |TAMS 0x0000000086500000, 0x0000000086500000| Untracked 
|  34|0x0000000086600000, 0x0000000086600000, 0x0000000086700000|  0%| F|  |TAMS 0x0000000086600000, 0x0000000086600000| Untracked 
|  35|0x0000000086700000, 0x0000000086700000, 0x0000000086800000|  0%| F|  |TAMS 0x0000000086700000, 0x0000000086700000| Untracked 
|  36|0x0000000086800000, 0x0000000086800000, 0x0000000086900000|  0%| F|  |TAMS 0x0000000086800000, 0x0000000086800000| Untracked 
|  37|0x0000000086900000, 0x0000000086900000, 0x0000000086a00000|  0%| F|  |TAMS 0x0000000086900000, 0x0000000086900000| Untracked 
|  38|0x0000000086a00000, 0x0000000086a00000, 0x0000000086b00000|  0%| F|  |TAMS 0x0000000086a00000, 0x0000000086a00000| Untracked 
|  39|0x0000000086b00000, 0x0000000086b00000, 0x0000000086c00000|  0%| F|  |TAMS 0x0000000086b00000, 0x0000000086b00000| Untracked 
|  40|0x0000000086c00000, 0x0000000086c00000, 0x0000000086d00000|  0%| F|  |TAMS 0x0000000086c00000, 0x0000000086c00000| Untracked 
|  41|0x0000000086d00000, 0x0000000086db8c80, 0x0000000086e00000| 72%| O|  |TAMS 0x0000000086d00000, 0x0000000086d00000| Untracked 
|  42|0x0000000086e00000, 0x0000000086e00000, 0x0000000086f00000|  0%| F|  |TAMS 0x0000000086e00000, 0x0000000086e00000| Untracked 
|  43|0x0000000086f00000, 0x0000000086f00000, 0x0000000087000000|  0%| F|  |TAMS 0x0000000086f00000, 0x0000000086f00000| Untracked 
|  44|0x0000000087000000, 0x0000000087000000, 0x0000000087100000|  0%| F|  |TAMS 0x0000000087000000, 0x0000000087000000| Untracked 
|  45|0x0000000087100000, 0x0000000087100000, 0x0000000087200000|  0%| F|  |TAMS 0x0000000087100000, 0x0000000087100000| Untracked 
|  46|0x0000000087200000, 0x0000000087200000, 0x0000000087300000|  0%| F|  |TAMS 0x0000000087200000, 0x0000000087200000| Untracked 
|  47|0x0000000087300000, 0x00000000873ccdf0, 0x0000000087400000| 80%| S|CS|TAMS 0x0000000087300000, 0x0000000087300000| Complete 
|  48|0x0000000087400000, 0x0000000087500000, 0x0000000087500000|100%| S|CS|TAMS 0x0000000087400000, 0x0000000087400000| Complete 
|  49|0x0000000087500000, 0x0000000087500000, 0x0000000087600000|  0%| F|  |TAMS 0x0000000087500000, 0x0000000087500000| Untracked 
|  50|0x0000000087600000, 0x0000000087600000, 0x0000000087700000|  0%| F|  |TAMS 0x0000000087600000, 0x0000000087600000| Untracked 
|  51|0x0000000087700000, 0x0000000087700000, 0x0000000087800000|  0%| F|  |TAMS 0x0000000087700000, 0x0000000087700000| Untracked 
|  52|0x0000000087800000, 0x0000000087800000, 0x0000000087900000|  0%| F|  |TAMS 0x0000000087800000, 0x0000000087800000| Untracked 
|  53|0x0000000087900000, 0x0000000087900000, 0x0000000087a00000|  0%| F|  |TAMS 0x0000000087900000, 0x0000000087900000| Untracked 
|  54|0x0000000087a00000, 0x0000000087a00000, 0x0000000087b00000|  0%| F|  |TAMS 0x0000000087a00000, 0x0000000087a00000| Untracked 
|  55|0x0000000087b00000, 0x0000000087b00000, 0x0000000087c00000|  0%| F|  |TAMS 0x0000000087b00000, 0x0000000087b00000| Untracked 
|  56|0x0000000087c00000, 0x0000000087c00000, 0x0000000087d00000|  0%| F|  |TAMS 0x0000000087c00000, 0x0000000087c00000| Untracked 
|  57|0x0000000087d00000, 0x0000000087d00000, 0x0000000087e00000|  0%| F|  |TAMS 0x0000000087d00000, 0x0000000087d00000| Untracked 
|  58|0x0000000087e00000, 0x0000000087e00000, 0x0000000087f00000|  0%| F|  |TAMS 0x0000000087e00000, 0x0000000087e00000| Untracked 
|  59|0x0000000087f00000, 0x0000000087f00000, 0x0000000088000000|  0%| F|  |TAMS 0x0000000087f00000, 0x0000000087f00000| Untracked 
|  60|0x0000000088000000, 0x0000000088000000, 0x0000000088100000|  0%| F|  |TAMS 0x0000000088000000, 0x0000000088000000| Untracked 
|  61|0x0000000088100000, 0x0000000088100000, 0x0000000088200000|  0%| F|  |TAMS 0x0000000088100000, 0x0000000088100000| Untracked 
|  62|0x0000000088200000, 0x0000000088200000, 0x0000000088300000|  0%| F|  |TAMS 0x0000000088200000, 0x0000000088200000| Untracked 
|  63|0x0000000088300000, 0x0000000088300000, 0x0000000088400000|  0%| F|  |TAMS 0x0000000088300000, 0x0000000088300000| Untracked 
|  64|0x0000000088400000, 0x0000000088417cb8, 0x0000000088500000|  9%| E|  |TAMS 0x0000000088400000, 0x0000000088400000| Complete 
|  65|0x0000000088500000, 0x0000000088600000, 0x0000000088600000|100%| E|CS|TAMS 0x0000000088500000, 0x0000000088500000| Complete 
|  66|0x0000000088600000, 0x0000000088700000, 0x0000000088700000|100%| E|CS|TAMS 0x0000000088600000, 0x0000000088600000| Complete 
|  67|0x0000000088700000, 0x0000000088800000, 0x0000000088800000|100%| E|CS|TAMS 0x0000000088700000, 0x0000000088700000| Complete 
|  68|0x0000000088800000, 0x0000000088900000, 0x0000000088900000|100%| E|CS|TAMS 0x0000000088800000, 0x0000000088800000| Complete 
|  69|0x0000000088900000, 0x0000000088a00000, 0x0000000088a00000|100%| E|CS|TAMS 0x0000000088900000, 0x0000000088900000| Complete 
|  70|0x0000000088a00000, 0x0000000088b00000, 0x0000000088b00000|100%| E|CS|TAMS 0x0000000088a00000, 0x0000000088a00000| Complete 
|  71|0x0000000088b00000, 0x0000000088c00000, 0x0000000088c00000|100%| E|CS|TAMS 0x0000000088b00000, 0x0000000088b00000| Complete 
|  72|0x0000000088c00000, 0x0000000088d00000, 0x0000000088d00000|100%| E|CS|TAMS 0x0000000088c00000, 0x0000000088c00000| Complete 
|  73|0x0000000088d00000, 0x0000000088e00000, 0x0000000088e00000|100%| E|CS|TAMS 0x0000000088d00000, 0x0000000088d00000| Complete 
|  74|0x0000000088e00000, 0x0000000088f00000, 0x0000000088f00000|100%| E|CS|TAMS 0x0000000088e00000, 0x0000000088e00000| Complete 
|  75|0x0000000088f00000, 0x0000000089000000, 0x0000000089000000|100%| E|CS|TAMS 0x0000000088f00000, 0x0000000088f00000| Complete 
|  76|0x0000000089000000, 0x0000000089100000, 0x0000000089100000|100%| E|CS|TAMS 0x0000000089000000, 0x0000000089000000| Complete 
|  77|0x0000000089100000, 0x0000000089200000, 0x0000000089200000|100%| E|CS|TAMS 0x0000000089100000, 0x0000000089100000| Complete 
|  78|0x0000000089200000, 0x0000000089300000, 0x0000000089300000|100%| E|CS|TAMS 0x0000000089200000, 0x0000000089200000| Complete 
|  79|0x0000000089300000, 0x0000000089400000, 0x0000000089400000|100%| E|CS|TAMS 0x0000000089300000, 0x0000000089300000| Complete 
|  80|0x0000000089400000, 0x0000000089500000, 0x0000000089500000|100%| E|CS|TAMS 0x0000000089400000, 0x0000000089400000| Complete 
|  81|0x0000000089500000, 0x0000000089600000, 0x0000000089600000|100%| E|CS|TAMS 0x0000000089500000, 0x0000000089500000| Complete 
|  82|0x0000000089600000, 0x0000000089700000, 0x0000000089700000|100%| E|CS|TAMS 0x0000000089600000, 0x0000000089600000| Complete 
|  83|0x0000000089700000, 0x0000000089800000, 0x0000000089800000|100%| E|CS|TAMS 0x0000000089700000, 0x0000000089700000| Complete 

Card table byte_map: [0x00000235ae400000,0x00000235ae7e0000] _byte_map_base: 0x00000235adfde000

Marking Bits (Prev, Next): (CMBitMap*) 0x00000235a5d54d60, (CMBitMap*) 0x00000235a5d54da0
 Prev Bits: [0x00000235aebc0000, 0x00000235b0ab0000)
 Next Bits: [0x00000235b0ab0000, 0x00000235b29a0000)

Polling page: 0x00000235a5b30000

Metaspace:

Usage:
  Non-class:     65.35 MB used.
      Class:     10.36 MB used.
       Both:     75.70 MB used.

Virtual space:
  Non-class space:      128.00 MB reserved,      65.81 MB ( 51%) committed,  2 nodes.
      Class space:        1.00 GB reserved,      10.75 MB (  1%) committed,  1 nodes.
             Both:        1.12 GB reserved,      76.56 MB (  7%) committed. 

Chunk freelists:
   Non-Class:  13.28 MB
       Class:  5.09 MB
        Both:  18.37 MB

MaxMetaspaceSize: unlimited
CompressedClassSpaceSize: 1.00 GB
Initial GC threshold: 21.00 MB
Current GC threshold: 122.75 MB
CDS: off
MetaspaceReclaimPolicy: balanced
 - commit_granule_bytes: 65536.
 - commit_granule_words: 8192.
 - virtual_space_node_default_size: 8388608.
 - enlarge_chunks_in_place: 1.
 - new_chunks_are_fully_committed: 0.
 - uncommit_free_chunks: 1.
 - use_allocation_guard: 0.
 - handle_deallocations: 1.


Internal statistics:

num_allocs_failed_limit: 11.
num_arena_births: 1586.
num_arena_deaths: 452.
num_vsnodes_births: 3.
num_vsnodes_deaths: 0.
num_space_committed: 1225.
num_space_uncommitted: 0.
num_chunks_returned_to_freelist: 569.
num_chunks_taken_from_freelist: 4530.
num_chunk_merges: 174.
num_chunk_splits: 2901.
num_chunks_enlarged: 2000.
num_inconsistent_stats: 0.

CodeCache: size=49152Kb used=17145Kb max_used=17684Kb free=32006Kb
 bounds [0x00000235aab80000, 0x00000235abd00000, 0x00000235adb80000]
 total_blobs=10483 nmethods=9797 adapters=612
 compilation: enabled
              stopped_count=0, restarted_count=0
 full_count=0

Compilation events (20 events):
Event: 2098.809 Thread 0x00000235b90474f0 9825       1       org.h2.result.Row::<init> (5 bytes)
Event: 2098.815 Thread 0x00000235b90474f0 nmethod 9825 0x00000235abb74f90 code [0x00000235abb75120, 0x00000235abb751d8]
Event: 2098.816 Thread 0x00000235b90474f0 9826       1       org.h2.result.SearchRow::<init> (5 bytes)
Event: 2098.816 Thread 0x00000235b90474f0 nmethod 9826 0x00000235abb74c90 code [0x00000235abb74e20, 0x00000235abb74ed8]
Event: 2098.816 Thread 0x00000235b90474f0 9827       1       org.h2.mvstore.tx.TransactionMap::getFromSnapshot (173 bytes)
Event: 2098.870 Thread 0x00000235b90474f0 nmethod 9827 0x00000235abb74090 code [0x00000235abb742e0, 0x00000235abb74888]
Event: 2098.870 Thread 0x00000235b90474f0 9828       1       org.h2.mvstore.tx.TransactionMap::getFromSnapshot (78 bytes)
Event: 2098.871 Thread 0x00000235b90474f0 nmethod 9828 0x00000235abb73a10 code [0x00000235abb73c00, 0x00000235abb73e88]
Event: 2098.871 Thread 0x00000235b90474f0 9829       1       org.h2.index.SingleRowCursor::next (28 bytes)
Event: 2098.878 Thread 0x00000235b90474f0 nmethod 9829 0x00000235abb73690 code [0x00000235abb73820, 0x00000235abb73958]
Event: 2098.921 Thread 0x00000235b90474f0 9830   !   1       java.util.concurrent.ScheduledThreadPoolExecutor$DelayedWorkQueue::remove (119 bytes)
Event: 2098.940 Thread 0x00000235b90474f0 nmethod 9830 0x00000235abb72910 code [0x00000235abb72b60, 0x00000235abb730f8]
Event: 2098.940 Thread 0x00000235b90474f0 9832       1       org.h2.jdbc.JdbcConnection::unlock (8 bytes)
Event: 2098.941 Thread 0x00000235b90474f0 nmethod 9832 0x00000235abb72510 code [0x00000235abb726c0, 0x00000235abb72818]
Event: 2098.941 Thread 0x00000235b90474f0 9831       1       java.util.concurrent.ScheduledThreadPoolExecutor$DelayedWorkQueue::indexOf (79 bytes)
Event: 2098.941 Thread 0x00000235b90474f0 nmethod 9831 0x00000235abb71f10 code [0x00000235abb720c0, 0x00000235abb72368]
Event: 2099.043 Thread 0x00000235b90474f0 9833       1       org.apache.catalina.core.ApplicationContextFacade::getAttribute (30 bytes)
Event: 2099.055 Thread 0x00000235b90474f0 nmethod 9833 0x00000235abb71b90 code [0x00000235abb71d20, 0x00000235abb71e08]
Event: 2099.055 Thread 0x00000235b90474f0 9834       1       org.apache.catalina.core.ApplicationContext::getAttribute (11 bytes)
Event: 2099.055 Thread 0x00000235b90474f0 nmethod 9834 0x00000235abb71890 code [0x00000235abb71a20, 0x00000235abb71b08]

GC Heap History (20 events):
Event: 1624.620 GC heap before
{Heap before GC invocations=41 (full 5):
 garbage-first heap   total 86016K, used 67065K [0x0000000084400000, 0x0000000100000000)
  region size 1024K, 42 young (43008K), 2 survivors (2048K)
 Metaspace       used 75148K, committed 75840K, reserved 1179648K
  class space    used 10187K, committed 10496K, reserved 1048576K
}
Event: 1624.678 GC heap after
{Heap after GC invocations=42 (full 5):
 garbage-first heap   total 86016K, used 27907K [0x0000000084400000, 0x0000000100000000)
  region size 1024K, 3 young (3072K), 3 survivors (3072K)
 Metaspace       used 75148K, committed 75840K, reserved 1179648K
  class space    used 10187K, committed 10496K, reserved 1048576K
}
Event: 1684.554 GC heap before
{Heap before GC invocations=42 (full 5):
 garbage-first heap   total 86016K, used 67843K [0x0000000084400000, 0x0000000100000000)
  region size 1024K, 42 young (43008K), 3 survivors (3072K)
 Metaspace       used 75159K, committed 75840K, reserved 1179648K
  class space    used 10190K, committed 10496K, reserved 1048576K
}
Event: 1684.566 GC heap after
{Heap after GC invocations=43 (full 5):
 garbage-first heap   total 86016K, used 28466K [0x0000000084400000, 0x0000000100000000)
  region size 1024K, 3 young (3072K), 3 survivors (3072K)
 Metaspace       used 75159K, committed 75840K, reserved 1179648K
  class space    used 10190K, committed 10496K, reserved 1048576K
}
Event: 1701.949 GC heap before
{Heap before GC invocations=43 (full 5):
 garbage-first heap   total 86016K, used 67378K [0x0000000084400000, 0x0000000100000000)
  region size 1024K, 42 young (43008K), 3 survivors (3072K)
 Metaspace       used 75217K, committed 75904K, reserved 1179648K
  class space    used 10198K, committed 10496K, reserved 1048576K
}
Event: 1701.960 GC heap after
{Heap after GC invocations=44 (full 5):
 garbage-first heap   total 86016K, used 28349K [0x0000000084400000, 0x0000000100000000)
  region size 1024K, 3 young (3072K), 3 survivors (3072K)
 Metaspace       used 75217K, committed 75904K, reserved 1179648K
  class space    used 10198K, committed 10496K, reserved 1048576K
}
Event: 1732.437 GC heap before
{Heap before GC invocations=44 (full 5):
 garbage-first heap   total 86016K, used 67261K [0x0000000084400000, 0x0000000100000000)
  region size 1024K, 42 young (43008K), 3 survivors (3072K)
 Metaspace       used 75265K, committed 75904K, reserved 1179648K
  class space    used 10204K, committed 10496K, reserved 1048576K
}
Event: 1732.449 GC heap after
{Heap after GC invocations=45 (full 5):
 garbage-first heap   total 86016K, used 28103K [0x0000000084400000, 0x0000000100000000)
  region size 1024K, 3 young (3072K), 3 survivors (3072K)
 Metaspace       used 75265K, committed 75904K, reserved 1179648K
  class space    used 10204K, committed 10496K, reserved 1048576K
}
Event: 1765.841 GC heap before
{Heap before GC invocations=45 (full 5):
 garbage-first heap   total 86016K, used 67015K [0x0000000084400000, 0x0000000100000000)
  region size 1024K, 42 young (43008K), 3 survivors (3072K)
 Metaspace       used 75326K, committed 75968K, reserved 1179648K
  class space    used 10214K, committed 10496K, reserved 1048576K
}
Event: 1765.878 GC heap after
{Heap after GC invocations=46 (full 5):
 garbage-first heap   total 86016K, used 27402K [0x0000000084400000, 0x0000000100000000)
  region size 1024K, 2 young (2048K), 2 survivors (2048K)
 Metaspace       used 75326K, committed 75968K, reserved 1179648K
  class space    used 10214K, committed 10496K, reserved 1048576K
}
Event: 1785.894 GC heap before
{Heap before GC invocations=46 (full 5):
 garbage-first heap   total 86016K, used 67338K [0x0000000084400000, 0x0000000100000000)
  region size 1024K, 42 young (43008K), 2 survivors (2048K)
 Metaspace       used 75595K, committed 76352K, reserved 1179648K
  class space    used 10278K, committed 10624K, reserved 1048576K
}
Event: 1785.907 GC heap after
{Heap after GC invocations=47 (full 5):
 garbage-first heap   total 86016K, used 28188K [0x0000000084400000, 0x0000000100000000)
  region size 1024K, 3 young (3072K), 3 survivors (3072K)
 Metaspace       used 75595K, committed 76352K, reserved 1179648K
  class space    used 10278K, committed 10624K, reserved 1048576K
}
Event: 1896.780 GC heap before
{Heap before GC invocations=47 (full 5):
 garbage-first heap   total 86016K, used 68124K [0x0000000084400000, 0x0000000100000000)
  region size 1024K, 42 young (43008K), 3 survivors (3072K)
 Metaspace       used 75613K, committed 76352K, reserved 1179648K
  class space    used 10281K, committed 10624K, reserved 1048576K
}
Event: 1896.799 GC heap after
{Heap after GC invocations=48 (full 5):
 garbage-first heap   total 86016K, used 28156K [0x0000000084400000, 0x0000000100000000)
  region size 1024K, 3 young (3072K), 3 survivors (3072K)
 Metaspace       used 75613K, committed 76352K, reserved 1179648K
  class space    used 10281K, committed 10624K, reserved 1048576K
}
Event: 1936.397 GC heap before
{Heap before GC invocations=48 (full 5):
 garbage-first heap   total 86016K, used 68092K [0x0000000084400000, 0x0000000100000000)
  region size 1024K, 42 young (43008K), 3 survivors (3072K)
 Metaspace       used 75862K, committed 76672K, reserved 1179648K
  class space    used 10321K, committed 10688K, reserved 1048576K
}
Event: 1936.426 GC heap after
{Heap after GC invocations=49 (full 5):
 garbage-first heap   total 86016K, used 27809K [0x0000000084400000, 0x0000000100000000)
  region size 1024K, 3 young (3072K), 3 survivors (3072K)
 Metaspace       used 75862K, committed 76672K, reserved 1179648K
  class space    used 10321K, committed 10688K, reserved 1048576K
}
Event: 1938.679 GC heap before
{Heap before GC invocations=49 (full 5):
 garbage-first heap   total 86016K, used 67745K [0x0000000084400000, 0x0000000100000000)
  region size 1024K, 43 young (44032K), 3 survivors (3072K)
 Metaspace       used 76711K, committed 77632K, reserved 1179648K
  class space    used 10451K, committed 10880K, reserved 1048576K
}
Event: 1938.698 GC heap after
{Heap after GC invocations=50 (full 5):
 garbage-first heap   total 86016K, used 30842K [0x0000000084400000, 0x0000000100000000)
  region size 1024K, 6 young (6144K), 6 survivors (6144K)
 Metaspace       used 76711K, committed 77632K, reserved 1179648K
  class space    used 10451K, committed 10880K, reserved 1048576K
}
Event: 1999.440 GC heap before
{Heap before GC invocations=50 (full 5):
 garbage-first heap   total 86016K, used 66682K [0x0000000084400000, 0x0000000100000000)
  region size 1024K, 41 young (41984K), 6 survivors (6144K)
 Metaspace       used 77517K, committed 78400K, reserved 1179648K
  class space    used 10605K, committed 11008K, reserved 1048576K
}
Event: 1999.584 GC heap after
{Heap after GC invocations=51 (full 5):
 garbage-first heap   total 86016K, used 31543K [0x0000000084400000, 0x0000000100000000)
  region size 1024K, 2 young (2048K), 2 survivors (2048K)
 Metaspace       used 77517K, committed 78400K, reserved 1179648K
  class space    used 10605K, committed 11008K, reserved 1048576K
}

Dll operation events (10 events):
Event: 0.084 Loaded shared library C:\Users\mdeba\Desktop\New folder\spring-tool-suite-4-4.22.0.RELEASE-e4.31.0-win32.win32.x86_64.self-extracting\sts-4.22.0.RELEASE\plugins\org.eclipse.justj.openjdk.hotspot.jre.full.win32.x86_64_17.0.10.v20240120-1143\jre\bin\java.dl
Event: 0.559 Loaded shared library C:\Users\mdeba\Desktop\New folder\spring-tool-suite-4-4.22.0.RELEASE-e4.31.0-win32.win32.x86_64.self-extracting\sts-4.22.0.RELEASE\plugins\org.eclipse.justj.openjdk.hotspot.jre.full.win32.x86_64_17.0.10.v20240120-1143\jre\bin\jimage.
Event: 0.813 Loaded shared library C:\Users\mdeba\Desktop\New folder\spring-tool-suite-4-4.22.0.RELEASE-e4.31.0-win32.win32.x86_64.self-extracting\sts-4.22.0.RELEASE\plugins\org.eclipse.justj.openjdk.hotspot.jre.full.win32.x86_64_17.0.10.v20240120-1143\jre\bin\net.dll
Event: 0.848 Loaded shared library C:\Users\mdeba\Desktop\New folder\spring-tool-suite-4-4.22.0.RELEASE-e4.31.0-win32.win32.x86_64.self-extracting\sts-4.22.0.RELEASE\plugins\org.eclipse.justj.openjdk.hotspot.jre.full.win32.x86_64_17.0.10.v20240120-1143\jre\bin\nio.dll
Event: 0.882 Loaded shared library C:\Users\mdeba\Desktop\New folder\spring-tool-suite-4-4.22.0.RELEASE-e4.31.0-win32.win32.x86_64.self-extracting\sts-4.22.0.RELEASE\plugins\org.eclipse.justj.openjdk.hotspot.jre.full.win32.x86_64_17.0.10.v20240120-1143\jre\bin\zip.dll
Event: 1.022 Loaded shared library C:\Users\mdeba\Desktop\New folder\spring-tool-suite-4-4.22.0.RELEASE-e4.31.0-win32.win32.x86_64.self-extracting\sts-4.22.0.RELEASE\plugins\org.eclipse.justj.openjdk.hotspot.jre.full.win32.x86_64_17.0.10.v20240120-1143\jre\bin\managem
Event: 1.051 Loaded shared library C:\Users\mdeba\Desktop\New folder\spring-tool-suite-4-4.22.0.RELEASE-e4.31.0-win32.win32.x86_64.self-extracting\sts-4.22.0.RELEASE\plugins\org.eclipse.justj.openjdk.hotspot.jre.full.win32.x86_64_17.0.10.v20240120-1143\jre\bin\managem
Event: 1.520 Loaded shared library C:\Users\mdeba\Desktop\New folder\spring-tool-suite-4-4.22.0.RELEASE-e4.31.0-win32.win32.x86_64.self-extracting\sts-4.22.0.RELEASE\plugins\org.eclipse.justj.openjdk.hotspot.jre.full.win32.x86_64_17.0.10.v20240120-1143\jre\bin\extnet.
Event: 3.632 Loaded shared library C:\Users\mdeba\Desktop\New folder\spring-tool-suite-4-4.22.0.RELEASE-e4.31.0-win32.win32.x86_64.self-extracting\sts-4.22.0.RELEASE\plugins\org.eclipse.justj.openjdk.hotspot.jre.full.win32.x86_64_17.0.10.v20240120-1143\jre\bin\sunmsca
Event: 5.945 Loaded shared library C:\Users\mdeba\Desktop\New folder\spring-tool-suite-4-4.22.0.RELEASE-e4.31.0-win32.win32.x86_64.self-extracting\sts-4.22.0.RELEASE\plugins\org.eclipse.justj.openjdk.hotspot.jre.full.win32.x86_64_17.0.10.v20240120-1143\jre\bin\verify.

Deoptimization events (8 events):
Event: 7.433 Thread 0x00000235b9ab4320 DEOPT PACKING pc=0x00000235ab0f0d42 sp=0x000000dda62fd1b0
Event: 7.433 Thread 0x00000235b9ab4320 DEOPT UNPACKING pc=0x00000235aabdace3 sp=0x000000dda62fc6b8 mode 3
Event: 7.433 Thread 0x00000235b9ab4320 DEOPT PACKING pc=0x00000235ab03d635 sp=0x000000dda62fd170
Event: 7.433 Thread 0x00000235b9ab4320 DEOPT UNPACKING pc=0x00000235aabdace3 sp=0x000000dda62fc6b8 mode 3
Event: 7.434 Thread 0x00000235b9ab4320 DEOPT PACKING pc=0x00000235ab0eddfc sp=0x000000dda62fd100
Event: 7.434 Thread 0x00000235b9ab4320 DEOPT UNPACKING pc=0x00000235aabdace3 sp=0x000000dda62fc6b8 mode 3
Event: 1938.833 Thread 0x00000235bb75ecb0 DEOPT PACKING pc=0x00000235ab7b7524 sp=0x000000dda68fb1b0
Event: 1938.836 Thread 0x00000235bb75ecb0 DEOPT UNPACKING pc=0x00000235aabdace3 sp=0x000000dda68fa708 mode 0

Classes unloaded (20 events):
Event: 1471.268 Thread 0x00000235b4fc8a30 Unloading class 0x00000001009f0800 'java/lang/invoke/LambdaForm$MH+0x00000001009f0800'
Event: 1471.268 Thread 0x00000235b4fc8a30 Unloading class 0x00000001009f0400 'java/lang/invoke/LambdaForm$MH+0x00000001009f0400'
Event: 1471.268 Thread 0x00000235b4fc8a30 Unloading class 0x0000000100968000 'jdk/internal/reflect/GeneratedConstructorAccessor54'
Event: 1471.269 Thread 0x00000235b4fc8a30 Unloading class 0x000000010091d400 'java/lang/invoke/LambdaForm$MH+0x000000010091d400'
Event: 1471.269 Thread 0x00000235b4fc8a30 Unloading class 0x000000010091d000 'java/lang/invoke/LambdaForm$MH+0x000000010091d000'
Event: 1471.269 Thread 0x00000235b4fc8a30 Unloading class 0x000000010091cc00 'java/lang/invoke/LambdaForm$MH+0x000000010091cc00'
Event: 1471.269 Thread 0x00000235b4fc8a30 Unloading class 0x000000010091c800 'java/lang/invoke/LambdaForm$MH+0x000000010091c800'
Event: 1471.272 Thread 0x00000235b4fc8a30 Unloading class 0x000000010091c400 'java/lang/invoke/LambdaForm$MH+0x000000010091c400'
Event: 1471.272 Thread 0x00000235b4fc8a30 Unloading class 0x000000010091c000 'java/lang/invoke/LambdaForm$MH+0x000000010091c000'
Event: 1471.272 Thread 0x00000235b4fc8a30 Unloading class 0x0000000100a48800 'org/apache/catalina/loader/JdbcLeakPrevention'
Event: 1471.272 Thread 0x00000235b4fc8a30 Unloading class 0x0000000100913000 'java/lang/invoke/LambdaForm$MH+0x0000000100913000'
Event: 1471.272 Thread 0x00000235b4fc8a30 Unloading class 0x0000000100912c00 'java/lang/invoke/LambdaForm$MH+0x0000000100912c00'
Event: 1471.272 Thread 0x00000235b4fc8a30 Unloading class 0x0000000100912800 'java/lang/invoke/LambdaForm$MH+0x0000000100912800'
Event: 1471.272 Thread 0x00000235b4fc8a30 Unloading class 0x0000000100912400 'java/lang/invoke/LambdaForm$MH+0x0000000100912400'
Event: 1471.272 Thread 0x00000235b4fc8a30 Unloading class 0x0000000100912000 'java/lang/invoke/LambdaForm$MH+0x0000000100912000'
Event: 1471.272 Thread 0x00000235b4fc8a30 Unloading class 0x0000000100911c00 'java/lang/invoke/LambdaForm$MH+0x0000000100911c00'
Event: 1471.274 Thread 0x00000235b4fc8a30 Unloading class 0x0000000100908c00 'java/lang/invoke/LambdaForm$MH+0x0000000100908c00'
Event: 1471.274 Thread 0x00000235b4fc8a30 Unloading class 0x0000000100908800 'java/lang/invoke/LambdaForm$MH+0x0000000100908800'
Event: 1471.274 Thread 0x00000235b4fc8a30 Unloading class 0x0000000100908400 'java/lang/invoke/LambdaForm$MH+0x0000000100908400'
Event: 1471.274 Thread 0x00000235b4fc8a30 Unloading class 0x0000000100908000 'java/lang/invoke/LambdaForm$MH+0x0000000100908000'

Classes redefined (0 events):
No events

Internal exceptions (20 events):
Event: 1935.865 Thread 0x00000235bb75ecb0 Exception <a 'sun/nio/fs/WindowsException'{0x00000000879ff670}> (0x00000000879ff670) 
thrown [s\src\hotspot\share\prims\jni.cpp, line 516]
Event: 1936.918 Thread 0x00000235bb75ecb0 Exception <a 'sun/nio/fs/WindowsException'{0x0000000088dfacf0}> (0x0000000088dfacf0) 
thrown [s\src\hotspot\share\prims\jni.cpp, line 516]
Event: 1936.974 Thread 0x00000235bb75ecb0 Exception <a 'sun/nio/fs/WindowsException'{0x0000000088c4b570}> (0x0000000088c4b570) 
thrown [s\src\hotspot\share\prims\jni.cpp, line 516]
Event: 1937.211 Thread 0x00000235bb75ecb0 Exception <a 'java/lang/NoClassDefFoundError'{0x00000000889517c0}: org/flywaydb/core/Flyway> (0x00000000889517c0) 
thrown [s\src\hotspot\share\oops\constantPool.cpp, line 835]
Event: 1937.211 Thread 0x00000235bb75ecb0 Exception <a 'java/lang/NoClassDefFoundError'{0x0000000088951e10}: liquibase/integration/spring/SpringLiquibase> (0x0000000088951e10) 
thrown [s\src\hotspot\share\oops\constantPool.cpp, line 835]
Event: 1937.242 Thread 0x00000235bb75ecb0 Exception <a 'java/lang/NoClassDefFoundError'{0x00000000889c3690}: org/jooq/DSLContext> (0x00000000889c3690) 
thrown [s\src\hotspot\share\oops\constantPool.cpp, line 835]
Event: 1937.243 Thread 0x00000235bb75ecb0 Exception <a 'java/lang/NoClassDefFoundError'{0x00000000889ceb60}: org/springframework/batch/core/repository/JobRepository> (0x00000000889ceb60) 
thrown [s\src\hotspot\share\oops\constantPool.cpp, line 835]
Event: 1937.243 Thread 0x00000235bb75ecb0 Exception <a 'java/lang/NoClassDefFoundError'{0x00000000889cf1a8}: org/quartz/Scheduler> (0x00000000889cf1a8) 
thrown [s\src\hotspot\share\oops\constantPool.cpp, line 835]
Event: 1937.243 Thread 0x00000235bb75ecb0 Exception <a 'java/lang/NoClassDefFoundError'{0x00000000889cf818}: org/springframework/session/jdbc/JdbcIndexedSessionRepository> (0x00000000889cf818) 
thrown [s\src\hotspot\share\oops\constantPool.cpp, line 835]
Event: 1937.628 Thread 0x00000235bb75ecb0 Exception <a 'sun/nio/fs/WindowsException'{0x00000000882ab198}> (0x00000000882ab198) 
thrown [s\src\hotspot\share\prims\jni.cpp, line 516]
Event: 1937.629 Thread 0x00000235bb75ecb0 Exception <a 'sun/nio/fs/WindowsException'{0x00000000882ab800}> (0x00000000882ab800) 
thrown [s\src\hotspot\share\prims\jni.cpp, line 516]
Event: 1937.633 Thread 0x00000235bb75ecb0 Exception <a 'sun/nio/fs/WindowsException'{0x00000000882abed8}> (0x00000000882abed8) 
thrown [s\src\hotspot\share\prims\jni.cpp, line 516]
Event: 1937.704 Thread 0x00000235bb75ecb0 Exception <a 'java/io/FileNotFoundException'{0x00000000882f7f80}> (0x00000000882f7f80) 
thrown [s\src\hotspot\share\prims\jni.cpp, line 516]
Event: 1937.887 Thread 0x00000235bb75ecb0 Exception <a 'java/io/FileNotFoundException'{0x0000000087c0d6b8}> (0x0000000087c0d6b8) 
thrown [s\src\hotspot\share\prims\jni.cpp, line 516]
Event: 1937.929 Thread 0x00000235bb75ecb0 Exception <a 'sun/nio/fs/WindowsException'{0x0000000087b92930}> (0x0000000087b92930) 
thrown [s\src\hotspot\share\prims\jni.cpp, line 516]
Event: 1938.526 Thread 0x00000235bb75ecb0 Exception <a 'java/lang/IncompatibleClassChangeError'{0x0000000087103538}: Found class java.lang.Object, but interface was expected> (0x0000000087103538) 
thrown [s\src\hotspot\share\interpreter\linkResolver.cpp, line 826]
Event: 1938.671 Thread 0x00000235bb75ecb0 Exception <a 'java/lang/IncompatibleClassChangeError'{0x00000000870dfdd0}: Found class java.lang.Object, but interface was expected> (0x00000000870dfdd0) 
thrown [s\src\hotspot\share\interpreter\linkResolver.cpp, line 826]
Event: 1938.920 Thread 0x00000235bb75ecb0 Exception <a 'java/lang/IncompatibleClassChangeError'{0x00000000894ba6b0}: Found class java.lang.Object, but interface was expected> (0x00000000894ba6b0) 
thrown [s\src\hotspot\share\interpreter\linkResolver.cpp, line 826]
Event: 1939.161 Thread 0x00000235bb75ecb0 Exception <a 'sun/nio/fs/WindowsException'{0x0000000088abef60}> (0x0000000088abef60) 
thrown [s\src\hotspot\share\prims\jni.cpp, line 516]
Event: 2099.306 Thread 0x00000235bb761a40 Exception <a 'java/lang/InterruptedException'{0x0000000088400840}: sleep interrupted> (0x0000000088400840) 
thrown [s\src\hotspot\share\prims\jvm.cpp, line 3064]

VM Operations (20 events):
Event: 1938.339 Executing VM operation: HandshakeAllThreads done
Event: 1938.339 Executing VM operation: Cleanup
Event: 1938.339 Executing VM operation: Cleanup done
Event: 1938.679 Executing VM operation: G1CollectForAllocation
Event: 1938.698 Executing VM operation: G1CollectForAllocation done
Event: 1938.833 Executing VM operation: HandshakeAllThreads
Event: 1938.833 Executing VM operation: HandshakeAllThreads done
Event: 1938.961 Executing VM operation: HandshakeAllThreads
Event: 1938.961 Executing VM operation: HandshakeAllThreads done
Event: 1938.962 Executing VM operation: HandshakeAllThreads
Event: 1938.962 Executing VM operation: HandshakeAllThreads done
Event: 1939.963 Executing VM operation: Cleanup
Event: 1939.963 Executing VM operation: Cleanup done
Event: 1984.208 Executing VM operation: HandshakeAllThreads
Event: 1984.230 Executing VM operation: HandshakeAllThreads done
Event: 1999.436 Executing VM operation: G1CollectForAllocation
Event: 1999.585 Executing VM operation: G1CollectForAllocation done
Event: 2098.639 Executing VM operation: Cleanup
Event: 2098.640 Executing VM operation: Cleanup done
Event: 2099.314 Executing VM operation: G1CollectFull

Events (20 events):
Event: 2097.857 Thread 0x00000235bc187990 Thread added: 0x00000235bc187990
Event: 2097.871 Thread 0x00000235bb75aff0 Thread exited: 0x00000235bb75aff0
Event: 2098.516 Thread 0x00000235bc18d4b0 Thread exited: 0x00000235bc18d4b0
Event: 2098.527 Thread 0x00000235bc18b140 Thread exited: 0x00000235bc18b140
Event: 2098.547 Thread 0x00000235b9ab4320 Thread exited: 0x00000235b9ab4320
Event: 2098.547 Thread 0x00000235b9ab4d40 Thread exited: 0x00000235b9ab4d40
Event: 2098.547 Thread 0x00000235b9ab2ee0 Thread exited: 0x00000235b9ab2ee0
Event: 2098.548 Thread 0x00000235b9ab1aa0 Thread exited: 0x00000235b9ab1aa0
Event: 2098.548 Thread 0x00000235b9ab29d0 Thread exited: 0x00000235b9ab29d0
Event: 2098.548 Thread 0x00000235b9ab3900 Thread exited: 0x00000235b9ab3900
Event: 2098.550 Thread 0x00000235b9ab1590 Thread exited: 0x00000235b9ab1590
Event: 2098.551 Thread 0x00000235bb75b500 Thread exited: 0x00000235bb75b500
Event: 2098.551 Thread 0x00000235b9ab3e10 Thread exited: 0x00000235b9ab3e10
Event: 2098.552 Thread 0x00000235b9ab24c0 Thread exited: 0x00000235b9ab24c0
Event: 2098.921 Thread 0x00000235bc18a720 Thread added: 0x00000235bc18a720
Event: 2098.922 Thread 0x00000235bb75f1c0 Thread exited: 0x00000235bb75f1c0
Event: 2098.949 Thread 0x00000235bc18a720 Thread exited: 0x00000235bc18a720
Event: 2099.306 Thread 0x00000235bb75f6d0 Thread exited: 0x00000235bb75f6d0
Event: 2099.306 Thread 0x00000235bb761a40 Thread exited: 0x00000235bb761a40
Event: 2099.308 Thread 0x00000235bb760b10 Thread exited: 0x00000235bb760b10


Dynamic libraries:
0x00007ff626f20000 - 0x00007ff626f2e000 	C:\Users\mdeba\Desktop\New folder\spring-tool-suite-4-4.22.0.RELEASE-e4.31.0-win32.win32.x86_64.self-extracting\sts-4.22.0.RELEASE\plugins\org.eclipse.justj.openjdk.hotspot.jre.full.win32.x86_64_17.0.10.v20240120-1143\jre\bin\javaw.exe
0x00007ffccd370000 - 0x00007ffccd586000 	C:\Windows\SYSTEM32\ntdll.dll
0x00007ffccca40000 - 0x00007ffcccb04000 	C:\Windows\System32\KERNEL32.DLL
0x00007ffcca7b0000 - 0x00007ffccab57000 	C:\Windows\System32\KERNELBASE.dll
0x00007ffcca690000 - 0x00007ffcca7a1000 	C:\Windows\System32\ucrtbase.dll
0x00007ffcbc960000 - 0x00007ffcbc97b000 	C:\Users\mdeba\Desktop\New folder\spring-tool-suite-4-4.22.0.RELEASE-e4.31.0-win32.win32.x86_64.self-extracting\sts-4.22.0.RELEASE\plugins\org.eclipse.justj.openjdk.hotspot.jre.full.win32.x86_64_17.0.10.v20240120-1143\jre\bin\VCRUNTIME140.dll
0x00007ffcc7330000 - 0x00007ffcc7347000 	C:\Users\mdeba\Desktop\New folder\spring-tool-suite-4-4.22.0.RELEASE-e4.31.0-win32.win32.x86_64.self-extracting\sts-4.22.0.RELEASE\plugins\org.eclipse.justj.openjdk.hotspot.jre.full.win32.x86_64_17.0.10.v20240120-1143\jre\bin\jli.dll
0x00007ffccd180000 - 0x00007ffccd32e000 	C:\Windows\System32\USER32.dll
0x00007ffccae90000 - 0x00007ffccaeb6000 	C:\Windows\System32\win32u.dll
0x00007ffccba60000 - 0x00007ffccba89000 	C:\Windows\System32\GDI32.dll
0x00007ffccacd0000 - 0x00007ffccade9000 	C:\Windows\System32\gdi32full.dll
0x00007ffccadf0000 - 0x00007ffccae8a000 	C:\Windows\System32\msvcp_win.dll
0x00007ffcb5490000 - 0x00007ffcb5723000 	C:\Windows\WinSxS\amd64_microsoft.windows.common-controls_6595b64144ccf1df_6.0.22621.3235_none_270f74e173860f98\COMCTL32.dll
0x00007ffcccb10000 - 0x00007ffcccbb7000 	C:\Windows\System32\msvcrt.dll
0x00007ffccba90000 - 0x00007ffccbac1000 	C:\Windows\System32\IMM32.DLL
0x00007ffcc03e0000 - 0x00007ffcc03ec000 	C:\Users\mdeba\Desktop\New folder\spring-tool-suite-4-4.22.0.RELEASE-e4.31.0-win32.win32.x86_64.self-extracting\sts-4.22.0.RELEASE\plugins\org.eclipse.justj.openjdk.hotspot.jre.full.win32.x86_64_17.0.10.v20240120-1143\jre\bin\vcruntime140_1.dll
0x00007ffc91b00000 - 0x00007ffc91b8d000 	C:\Users\mdeba\Desktop\New folder\spring-tool-suite-4-4.22.0.RELEASE-e4.31.0-win32.win32.x86_64.self-extracting\sts-4.22.0.RELEASE\plugins\org.eclipse.justj.openjdk.hotspot.jre.full.win32.x86_64_17.0.10.v20240120-1143\jre\bin\msvcp140.dll
0x00007ffc91dc0000 - 0x00007ffc92a22000 	C:\Users\mdeba\Desktop\New folder\spring-tool-suite-4-4.22.0.RELEASE-e4.31.0-win32.win32.x86_64.self-extracting\sts-4.22.0.RELEASE\plugins\org.eclipse.justj.openjdk.hotspot.jre.full.win32.x86_64_17.0.10.v20240120-1143\jre\bin\server\jvm.dll
0x00007ffccd000000 - 0x00007ffccd0b2000 	C:\Windows\System32\ADVAPI32.dll
0x00007ffccd0d0000 - 0x00007ffccd178000 	C:\Windows\System32\sechost.dll
0x00007ffccb070000 - 0x00007ffccb098000 	C:\Windows\System32\bcrypt.dll
0x00007ffccbc20000 - 0x00007ffccbd35000 	C:\Windows\System32\RPCRT4.dll
0x00007ffcca3b0000 - 0x00007ffcca3fd000 	C:\Windows\SYSTEM32\POWRPROF.dll
0x00007ffcc0940000 - 0x00007ffcc0974000 	C:\Windows\SYSTEM32\WINMM.dll
0x00007ffcaca20000 - 0x00007ffcaca29000 	C:\Windows\SYSTEM32\WSOCK32.dll
0x00007ffcccbe0000 - 0x00007ffcccc51000 	C:\Windows\System32\WS2_32.dll
0x00007ffcbfcf0000 - 0x00007ffcbfcfa000 	C:\Windows\SYSTEM32\VERSION.dll
0x00007ffcca390000 - 0x00007ffcca3a3000 	C:\Windows\SYSTEM32\UMPDC.dll
0x00007ffcc96b0000 - 0x00007ffcc96c8000 	C:\Windows\SYSTEM32\kernel.appcore.dll
0x00007ffcc7360000 - 0x00007ffcc736a000 	C:\Users\mdeba\Desktop\New folder\spring-tool-suite-4-4.22.0.RELEASE-e4.31.0-win32.win32.x86_64.self-extracting\sts-4.22.0.RELEASE\plugins\org.eclipse.justj.openjdk.hotspot.jre.full.win32.x86_64_17.0.10.v20240120-1143\jre\bin\jimage.dll
0x00007ffcc81e0000 - 0x00007ffcc8413000 	C:\Windows\SYSTEM32\DBGHELP.DLL
0x00007ffcccc60000 - 0x00007ffcccfe8000 	C:\Windows\System32\combase.dll
0x00007ffccb660000 - 0x00007ffccb737000 	C:\Windows\System32\OLEAUT32.dll
0x00007ffcad960000 - 0x00007ffcad992000 	C:\Windows\SYSTEM32\dbgcore.DLL
0x00007ffccaff0000 - 0x00007ffccb069000 	C:\Windows\System32\bcryptPrimitives.dll
0x00007ffcc5520000 - 0x00007ffcc5545000 	C:\Users\mdeba\Desktop\New folder\spring-tool-suite-4-4.22.0.RELEASE-e4.31.0-win32.win32.x86_64.self-extracting\sts-4.22.0.RELEASE\plugins\org.eclipse.justj.openjdk.hotspot.jre.full.win32.x86_64_17.0.10.v20240120-1143\jre\bin\java.dll
0x00007ffcc5560000 - 0x00007ffcc5578000 	C:\Users\mdeba\Desktop\New folder\spring-tool-suite-4-4.22.0.RELEASE-e4.31.0-win32.win32.x86_64.self-extracting\sts-4.22.0.RELEASE\plugins\org.eclipse.justj.openjdk.hotspot.jre.full.win32.x86_64_17.0.10.v20240120-1143\jre\bin\zip.dll
0x00007ffccc080000 - 0x00007ffccc8dc000 	C:\Windows\System32\SHELL32.dll
0x00007ffcc8420000 - 0x00007ffcc8d19000 	C:\Windows\SYSTEM32\windows.storage.dll
0x00007ffcc80a0000 - 0x00007ffcc81de000 	C:\Windows\SYSTEM32\wintypes.dll
0x00007ffccb8f0000 - 0x00007ffccb9e3000 	C:\Windows\System32\SHCORE.dll
0x00007ffccc020000 - 0x00007ffccc07e000 	C:\Windows\System32\shlwapi.dll
0x00007ffcca5c0000 - 0x00007ffcca5e1000 	C:\Windows\SYSTEM32\profapi.dll
0x00007ffcbf4e0000 - 0x00007ffcbf4f9000 	C:\Users\mdeba\Desktop\New folder\spring-tool-suite-4-4.22.0.RELEASE-e4.31.0-win32.win32.x86_64.self-extracting\sts-4.22.0.RELEASE\plugins\org.eclipse.justj.openjdk.hotspot.jre.full.win32.x86_64_17.0.10.v20240120-1143\jre\bin\net.dll
0x00007ffcc2e30000 - 0x00007ffcc2f66000 	C:\Windows\SYSTEM32\WINHTTP.dll
0x00007ffcc9b30000 - 0x00007ffcc9b99000 	C:\Windows\system32\mswsock.dll
0x00007ffcbf4c0000 - 0x00007ffcbf4d6000 	C:\Users\mdeba\Desktop\New folder\spring-tool-suite-4-4.22.0.RELEASE-e4.31.0-win32.win32.x86_64.self-extracting\sts-4.22.0.RELEASE\plugins\org.eclipse.justj.openjdk.hotspot.jre.full.win32.x86_64_17.0.10.v20240120-1143\jre\bin\nio.dll
0x00007ffcc03b0000 - 0x00007ffcc03b9000 	C:\Users\mdeba\Desktop\New folder\spring-tool-suite-4-4.22.0.RELEASE-e4.31.0-win32.win32.x86_64.self-extracting\sts-4.22.0.RELEASE\plugins\org.eclipse.justj.openjdk.hotspot.jre.full.win32.x86_64_17.0.10.v20240120-1143\jre\bin\management.dll
0x00007ffcbf9f0000 - 0x00007ffcbf9fb000 	C:\Users\mdeba\Desktop\New folder\spring-tool-suite-4-4.22.0.RELEASE-e4.31.0-win32.win32.x86_64.self-extracting\sts-4.22.0.RELEASE\plugins\org.eclipse.justj.openjdk.hotspot.jre.full.win32.x86_64_17.0.10.v20240120-1143\jre\bin\management_ext.dll
0x00007ffccba50000 - 0x00007ffccba58000 	C:\Windows\System32\PSAPI.DLL
0x00007ffca9110000 - 0x00007ffca9127000 	C:\Windows\system32\napinsp.dll
0x00007ffca90f0000 - 0x00007ffca910b000 	C:\Windows\system32\pnrpnsp.dll
0x00007ffcc9190000 - 0x00007ffcc9289000 	C:\Windows\SYSTEM32\DNSAPI.dll
0x00007ffcc9120000 - 0x00007ffcc914d000 	C:\Windows\SYSTEM32\IPHLPAPI.DLL
0x00007ffccbdc0000 - 0x00007ffccbdc9000 	C:\Windows\System32\NSI.dll
0x00007ffca90d0000 - 0x00007ffca90e1000 	C:\Windows\System32\winrnr.dll
0x00007ffca90b0000 - 0x00007ffca90c5000 	C:\Windows\system32\wshbth.dll
0x00007ffca9080000 - 0x00007ffca90a1000 	C:\Windows\system32\nlansp_c.dll
0x00007ffcbfce0000 - 0x00007ffcbfcea000 	C:\Windows\System32\rasadhlp.dll
0x00007ffcc0480000 - 0x00007ffcc0503000 	C:\Windows\System32\fwpuclnt.dll
0x00007ffcc9da0000 - 0x00007ffcc9dbb000 	C:\Windows\SYSTEM32\CRYPTSP.dll
0x00007ffcc9610000 - 0x00007ffcc9645000 	C:\Windows\system32\rsaenh.dll
0x00007ffcc9c40000 - 0x00007ffcc9c68000 	C:\Windows\SYSTEM32\USERENV.dll
0x00007ffcc9dc0000 - 0x00007ffcc9dcc000 	C:\Windows\SYSTEM32\CRYPTBASE.dll
0x00007ffcc2d70000 - 0x00007ffcc2d89000 	C:\Windows\SYSTEM32\dhcpcsvc6.DLL
0x00007ffcc2d50000 - 0x00007ffcc2d6f000 	C:\Windows\SYSTEM32\dhcpcsvc.DLL
0x00007ffcc07e0000 - 0x00007ffcc07e9000 	C:\Users\mdeba\Desktop\New folder\spring-tool-suite-4-4.22.0.RELEASE-e4.31.0-win32.win32.x86_64.self-extracting\sts-4.22.0.RELEASE\plugins\org.eclipse.justj.openjdk.hotspot.jre.full.win32.x86_64_17.0.10.v20240120-1143\jre\bin\extnet.dll
0x00007ffcc5440000 - 0x00007ffcc544e000 	C:\Users\mdeba\Desktop\New folder\spring-tool-suite-4-4.22.0.RELEASE-e4.31.0-win32.win32.x86_64.self-extracting\sts-4.22.0.RELEASE\plugins\org.eclipse.justj.openjdk.hotspot.jre.full.win32.x86_64_17.0.10.v20240120-1143\jre\bin\sunmscapi.dll
0x00007ffccab60000 - 0x00007ffccacc6000 	C:\Windows\System32\CRYPT32.dll
0x00007ffcc9f60000 - 0x00007ffcc9f8e000 	C:\Windows\SYSTEM32\ncrypt.dll
0x00007ffcc9f20000 - 0x00007ffcc9f57000 	C:\Windows\SYSTEM32\NTASN1.dll
0x00007ffcc6d50000 - 0x00007ffcc6d60000 	C:\Users\mdeba\Desktop\New folder\spring-tool-suite-4-4.22.0.RELEASE-e4.31.0-win32.win32.x86_64.self-extracting\sts-4.22.0.RELEASE\plugins\org.eclipse.justj.openjdk.hotspot.jre.full.win32.x86_64_17.0.10.v20240120-1143\jre\bin\verify.dll
0x00007ffc96970000 - 0x00007ffc96978000 	C:\Windows\system32\wshunix.dll

dbghelp: loaded successfully - version: 4.0.5 - missing functions: none
symbol engine: initialized successfully - sym options: 0x614 - pdb path: .;C:\Users\mdeba\Desktop\New folder\spring-tool-suite-4-4.22.0.RELEASE-e4.31.0-win32.win32.x86_64.self-extracting\sts-4.22.0.RELEASE\plugins\org.eclipse.justj.openjdk.hotspot.jre.full.win32.x86_64_17.0.10.v20240120-1143\jre\bin;C:\Windows\SYSTEM32;C:\Windows\WinSxS\amd64_microsoft.windows.common-controls_6595b64144ccf1df_6.0.22621.3235_none_270f74e173860f98;C:\Users\mdeba\Desktop\New folder\spring-tool-suite-4-4.22.0.RELEASE-e4.31.0-win32.win32.x86_64.self-extracting\sts-4.22.0.RELEASE\plugins\org.eclipse.justj.openjdk.hotspot.jre.full.win32.x86_64_17.0.10.v20240120-1143\jre\bin\server

VM Arguments:
jvm_args: -Dcom.sun.management.jmxremote -Dcom.sun.management.jmxremote.port=65036 -Dcom.sun.management.jmxremote.authenticate=false -Dcom.sun.management.jmxremote.ssl=false -Djava.rmi.server.hostname=localhost -Dspring.jmx.enabled=true -Dmanagement.endpoints.jmx.exposure.include=* -Dspring.application.admin.enabled=true -XX:TieredStopAtLevel=1 -Dspring.boot.project.name=SpringMvc -Dfile.encoding=UTF-8 -Dstdout.encoding=UTF-8 -Dstderr.encoding=UTF-8 -XX:+ShowCodeDetailsInExceptionMessages 
java_command: com.sathya.mvc.SpringMvcApplication --spring.output.ansi.enabled=always
java_class_path (initial): D:\JAVA\Spring Boot Example\SpringMvc\target\classes;C:\Users\mdeba\.m2\repository\org\springframework\boot\spring-boot-starter-data-jpa\3.2.4\spring-boot-starter-data-jpa-3.2.4.jar;C:\Users\mdeba\.m2\repository\org\springframework\boot\spring-boot-starter-aop\3.2.4\spring-boot-starter-aop-3.2.4.jar;C:\Users\mdeba\.m2\repository\org\springframework\spring-aop\6.1.5\spring-aop-6.1.5.jar;C:\Users\mdeba\.m2\repository\org\aspectj\aspectjweaver\1.9.21\aspectjweaver-1.9.21.jar;C:\Users\mdeba\.m2\repository\org\springframework\boot\spring-boot-starter-jdbc\3.2.4\spring-boot-starter-jdbc-3.2.4.jar;C:\Users\mdeba\.m2\repository\com\zaxxer\HikariCP\5.0.1\HikariCP-5.0.1.jar;C:\Users\mdeba\.m2\repository\org\springframework\spring-jdbc\6.1.5\spring-jdbc-6.1.5.jar;C:\Users\mdeba\.m2\repository\org\hibernate\orm\hibernate-core\6.4.4.Final\hibernate-core-6.4.4.Final.jar;C:\Users\mdeba\.m2\repository\jakarta\persistence\jakarta.persistence-api\3.1.0\jakarta.persistence-api-3.1.0.jar;C:\Users\mdeba\.m2\repository\jakarta\transaction\jakarta.transaction-api\2.0.1\jakarta.transaction-api-2.0.1.jar;C:\Users\mdeba\.m2\repository\org\jboss\logging\jboss-logging\3.5.3.Final\jboss-logging-3.5.3.Final.jar;C:\Users\mdeba\.m2\repository\org\hibernate\common\hibernate-commons-annotations\6.0.6.Final\hibernate-commons-annotations-6.0.6.Final.jar;C:\Users\mdeba\.m2\repository\io\smallrye\jandex\3.1.2\jandex-3.1.2.jar;C:\Users\mdeba\.m2\repository\com\fasterxml\classmate\1.6.0\classmate-1.6.0.jar;C:\Users\mdeba\.m2\repository\net\bytebuddy\byte-buddy\1.14.12\byte-buddy-1.14.12.jar;C:\Users\mdeba\.m2\repository\org\glassfish\jaxb\jaxb-runtime\4.0.5\jaxb-runtime-4.0.5.jar;C:\Users\mdeba\.m2\repository\org\glassfish\jaxb\jaxb-core\4.0.5\jaxb-core-4.0.5.jar;C:\Users\mdeba\.m2\repository\org\eclipse\angus\angus-activation\2.0.2\angus-activation-2.0.2.jar;C:\Users\mdeba\.m2\repository\org\glassfish\jaxb\txw2\4.0.5\txw2-4.0.5.jar;C:\Users\mdeba\.m2\repository\com\sun\istack
Launcher Type: SUN_STANDARD

[Global flags]
     intx CICompilerCount                          = 3                                         {product} {ergonomic}
     uint ConcGCThreads                            = 1                                         {product} {ergonomic}
     uint G1ConcRefinementThreads                  = 4                                         {product} {ergonomic}
   size_t G1HeapRegionSize                         = 1048576                                   {product} {ergonomic}
    uintx GCDrainStackTargetSize                   = 64                                        {product} {ergonomic}
   size_t InitialHeapSize                          = 130023424                                 {product} {ergonomic}
     bool ManagementServer                         = true                                      {product} {command line}
   size_t MarkStackSize                            = 4194304                                   {product} {ergonomic}
   size_t MaxHeapSize                              = 2076180480                                {product} {ergonomic}
   size_t MaxNewSize                               = 1245708288                                {product} {ergonomic}
   size_t MinHeapDeltaBytes                        = 1048576                                   {product} {ergonomic}
   size_t MinHeapSize                              = 8388608                                   {product} {ergonomic}
    uintx NonProfiledCodeHeapSize                  = 0                                      {pd product} {ergonomic}
     bool ProfileInterpreter                       = false                                  {pd product} {command line}
    uintx ProfiledCodeHeapSize                     = 0                                      {pd product} {ergonomic}
     bool ShowCodeDetailsInExceptionMessages       = true                                   {manageable} {command line}
   size_t SoftMaxHeapSize                          = 2076180480                             {manageable} {ergonomic}
     intx TieredStopAtLevel                        = 1                                         {product} {command line}
     bool UseCompressedClassPointers               = true                           {product lp64_product} {ergonomic}
     bool UseCompressedOops                        = true                           {product lp64_product} {ergonomic}
     bool UseG1GC                                  = true                                      {product} {ergonomic}
     bool UseLargePagesIndividualAllocation        = false                                  {pd product} {ergonomic}

Logging:
Log output configuration:
 #0: stdout all=warning uptime,level,tags
 #1: stderr all=off uptime,level,tags

Environment Variables:
PATH=C:/Users/mdeba/Desktop/New folder/spring-tool-suite-4-4.22.0.RELEASE-e4.31.0-win32.win32.x86_64.self-extracting/sts-4.22.0.RELEASE//plugins/org.eclipse.justj.openjdk.hotspot.jre.full.win32.x86_64_17.0.10.v20240120-1143/jre/bin/server;C:/Users/mdeba/Desktop/New folder/spring-tool-suite-4-4.22.0.RELEASE-e4.31.0-win32.win32.x86_64.self-extracting/sts-4.22.0.RELEASE//plugins/org.eclipse.justj.openjdk.hotspot.jre.full.win32.x86_64_17.0.10.v20240120-1143/jre/bin;C:\oraclexe\app\oracle\product\11.2.0\server\bin;C:\Program Files\Common Files\Oracle\Java\javapath;C:\Windows\system32;C:\Windows;C:\Windows\System32\Wbem;C:\Windows\System32\WindowsPowerShell\v1.0\;C:\Windows\System32\OpenSSH\;C:\Program Files\dotnet\;C:\Program Files\Java\jdk-21\bin;C:\Program Files\Git\cmd;C:\Program Files\nodejs\;C:\Program Files\apache-maven-3.9.6\bin;C:\Program Files\MySQL\MySQL Shell 8.0\bin\;C:\Users\mdeba\AppData\Local\Microsoft\WindowsApps;C:\Program Files\JetBrains\IntelliJ IDEA Educational Edition 2022.2.2\bin;;C:\Users\mdeba\AppData\Local\Programs\Microsoft VS Code\bin;C:\Users\mdeba\AppData\Roaming\npm;C:\Program Files\apache-maven-3.9.6\bin;;C:\Users\mdeba\Desktop\New folder\spring-tool-suite-4-4.22.0.RELEASE-e4.31.0-win32.win32.x86_64.self-extracting\sts-4.22.0.RELEASE;
USERNAME=mdeba
OS=Windows_NT
PROCESSOR_IDENTIFIER=Intel64 Family 6 Model 140 Stepping 1, GenuineIntel
TMP=C:\Users\mdeba\AppData\Local\Temp
TEMP=C:\Users\mdeba\AppData\Local\Temp



Periodic native trim disabled


---------------  S Y S T E M  ---------------

OS:
 Windows 11 , 64 bit Build 22621 (10.0.22621.3374)
OS uptime: 1 days 4:49 hours
Hyper-V role detected

CPU: total 4 (initial active 4) (2 cores per cpu, 2 threads per core) family 6 model 140 stepping 1 microcode 0xb4, cx8, cmov, fxsr, ht, mmx, 3dnowpref, sse, sse2, sse3, ssse3, sse4.1, sse4.2, popcnt, lzcnt, tsc, tscinvbit, avx, avx2, aes, erms, clmul, bmi1, bmi2, adx, avx512f, avx512dq, avx512cd, avx512bw, avx512vl, sha, fma, vzeroupper, avx512_vpopcntdq, avx512_vpclmulqdq, avx512_vaes, avx512_vnni, clflush, clflushopt, clwb, avx512_vbmi2, avx512_vbmi, hv
Processor Information for all 4 processors :
  Max Mhz: 2995, Current Mhz: 2995, Mhz Limit: 2995

Memory: 4k page, system-wide physical 7914M (440M free)
TotalPageFile size 32490M (AvailPageFile size 5M)
current process WorkingSet (physical memory assigned to process): 44M, peak: 199M
current process commit charge ("private bytes"): 274M, peak: 386M

vm_info: OpenJDK 64-Bit Server VM (17.0.10+7) for windows-amd64 JRE (17.0.10+7), built on Jan 16 2024 23:25:11 by "admin" with MS VC++ 16.10 / 16.11 (VS2019)

END.
